Sun Jan 08 21:58:10 CET 2017  [debug] AvalonLogSystem initialized using logfile 'velocity.log'
Sun Jan 08 21:58:10 CET 2017   [info] ************************************************************** 
Sun Jan 08 21:58:10 CET 2017   [info] Starting Jakarta Velocity v1.4
Sun Jan 08 21:58:10 CET 2017   [info] RuntimeInstance initializing.
Sun Jan 08 21:58:10 CET 2017   [info] Default Properties File: org/apache/velocity/runtime/defaults/velocity.properties
Sun Jan 08 21:58:10 CET 2017   [info] Trying to use logger class org.apache.velocity.runtime.log.AvalonLogSystem
Sun Jan 08 21:58:10 CET 2017   [info] Using logger class org.apache.velocity.runtime.log.AvalonLogSystem
Sun Jan 08 21:58:10 CET 2017   [info] Default ResourceManager initializing. (class org.apache.velocity.runtime.resource.ResourceManagerImpl)
Sun Jan 08 21:58:10 CET 2017   [info] Resource Loader Instantiated: org.apache.velocity.runtime.resource.loader.FileResourceLoader
Sun Jan 08 21:58:10 CET 2017   [info] FileResourceLoader : initialization starting.
Sun Jan 08 21:58:10 CET 2017   [info] FileResourceLoader : adding path 'src/main/mda/'
Sun Jan 08 21:58:10 CET 2017   [info] FileResourceLoader : initialization complete.
Sun Jan 08 21:58:10 CET 2017   [info] ResourceCache : initialized. (class org.apache.velocity.runtime.resource.ResourceCacheImpl)
Sun Jan 08 21:58:10 CET 2017   [info] Default ResourceManager initialization complete.
Sun Jan 08 21:58:10 CET 2017   [info] Loaded System Directive: org.apache.velocity.runtime.directive.Literal
Sun Jan 08 21:58:10 CET 2017   [info] Loaded System Directive: org.apache.velocity.runtime.directive.Macro
Sun Jan 08 21:58:10 CET 2017   [info] Loaded System Directive: org.apache.velocity.runtime.directive.Parse
Sun Jan 08 21:58:10 CET 2017   [info] Loaded System Directive: org.apache.velocity.runtime.directive.Include
Sun Jan 08 21:58:10 CET 2017   [info] Loaded System Directive: org.apache.velocity.runtime.directive.Foreach
Sun Jan 08 21:58:10 CET 2017   [info] Created: 20 parsers.
Sun Jan 08 21:58:10 CET 2017   [info] Velocimacro : initialization starting.
Sun Jan 08 21:58:10 CET 2017   [info] Velocimacro : adding VMs from VM library template : VM_global_library.vm
Sun Jan 08 21:58:10 CET 2017  [error] ResourceManager : unable to find resource 'VM_global_library.vm' in any resource loader.
Sun Jan 08 21:58:10 CET 2017   [info] Velocimacro : error using  VM library template VM_global_library.vm : org.apache.velocity.exception.ResourceNotFoundException: Unable to find resource 'VM_global_library.vm'
Sun Jan 08 21:58:10 CET 2017   [info] Velocimacro :  VM library template macro registration complete.
Sun Jan 08 21:58:10 CET 2017   [info] Velocimacro : allowInline = true : VMs can be defined inline in templates
Sun Jan 08 21:58:10 CET 2017   [info] Velocimacro : allowInlineToOverride = false : VMs defined inline may NOT replace previous VM definitions
Sun Jan 08 21:58:10 CET 2017   [info] Velocimacro : allowInlineLocal = false : VMs defined inline will be  global in scope if allowed.
Sun Jan 08 21:58:10 CET 2017   [info] Velocimacro : messages on  : VM system will output logging messages
Sun Jan 08 21:58:10 CET 2017   [info] Velocimacro : autoload off  : VM system will not automatically reload global library macros
Sun Jan 08 21:58:10 CET 2017   [info] Velocimacro : initialization complete.
Sun Jan 08 21:58:10 CET 2017   [info] Velocity successfully started.
Sun Jan 08 21:58:10 CET 2017   [info] ResourceManager : found templates/gel_intf.vm with loader org.apache.velocity.runtime.resource.loader.FileResourceLoader
Sun Jan 08 21:58:10 CET 2017   [warn] org.apache.velocity.runtime.exception.ReferenceException: reference : template = templates/gel_intf.vm [line 1,column 9] : ${current.package.name} is not a valid reference.
Sun Jan 08 21:58:10 CET 2017   [info] ResourceManager : found templates/gel_intf.vm with loader org.apache.velocity.runtime.resource.loader.FileResourceLoader
Sun Jan 08 21:58:10 CET 2017   [info] ResourceManager : found templates/gel_intf.vm with loader org.apache.velocity.runtime.resource.loader.FileResourceLoader
Sun Jan 08 21:58:10 CET 2017   [info] ResourceManager : found templates/gel_intf.vm with loader org.apache.velocity.runtime.resource.loader.FileResourceLoader
Sun Jan 08 21:58:10 CET 2017   [warn] org.apache.velocity.runtime.exception.ReferenceException: reference : template = templates/gel_intf.vm [line 1,column 9] : ${current.package.name} is not a valid reference.
Sun Jan 08 21:58:10 CET 2017   [info] ResourceManager : found templates/gel_intf.vm with loader org.apache.velocity.runtime.resource.loader.FileResourceLoader
Sun Jan 08 21:58:10 CET 2017   [info] ResourceManager : found templates/gel_intf.vm with loader org.apache.velocity.runtime.resource.loader.FileResourceLoader
Sun Jan 08 21:58:10 CET 2017   [info] ResourceManager : found templates/gel_intf.vm with loader org.apache.velocity.runtime.resource.loader.FileResourceLoader
Sun Jan 08 21:58:10 CET 2017   [info] ResourceManager : found templates/gel_intf.vm with loader org.apache.velocity.runtime.resource.loader.FileResourceLoader
Sun Jan 08 21:58:10 CET 2017   [info] ResourceManager : found templates/gel_intf.vm with loader org.apache.velocity.runtime.resource.loader.FileResourceLoader
Sun Jan 08 21:58:10 CET 2017   [warn] org.apache.velocity.runtime.exception.ReferenceException: reference : template = templates/gel_intf.vm [line 1,column 9] : ${current.package.name} is not a valid reference.
Sun Jan 08 21:58:10 CET 2017   [info] ResourceManager : found templates/gel_intf.vm with loader org.apache.velocity.runtime.resource.loader.FileResourceLoader
Sun Jan 08 21:58:10 CET 2017   [warn] org.apache.velocity.runtime.exception.ReferenceException: reference : template = templates/gel_intf.vm [line 1,column 9] : ${current.package.name} is not a valid reference.
